<?xml version="1.0" encoding="UTF-8"?>
<!-- Generated by org.testng.reporters.JUnitXMLReporter -->
<testsuite hostname="EPUALVIW0287" ignored="0" name="Surefire test" tests="10" failures="1" timestamp="02 Feb 2018 14:15:28 GMT" time="12.127" errors="0">
  <testcase name="getUserDataByPageTest" time="5.805" classname="apitest.ReqResTest"/>
  <testcase name="verifyResourceDataById" time="1.281" classname="apitest.ReqResTest">
    <failure type="java.lang.AssertionError" message="3 expectations failed.
JSON path data.name doesn&amp;apos;t match.
Expected: true red
  Actual: cerulean

JSON path data.year doesn&amp;apos;t match.
Expected: &amp;lt;2002&amp;gt;
  Actual: 2000

JSON path data.color doesn&amp;apos;t match.
Expected: #BF1932
  Actual: #98B2D1
">
      <![CDATA[java.lang.AssertionError: 3 expectations failed.JSON path data.name doesn't match.Expected: true red  Actual: ceruleanJSON path data.year doesn't match.Expected: <2002>  Actual: 2000JSON path data.color doesn't match.Expected: #BF1932  Actual: #98B2D1at org.codehaus.groovy.runtime.callsite.ConstructorSite$ConstructorSiteNoUnwrap.callConstructor(ConstructorSite.java:84)at org.codehaus.groovy.runtime.callsite.CallSiteArray.defaultCallConstructor(CallSiteArray.java:60)at org.codehaus.groovy.runtime.callsite.AbstractCallSite.callConstructor(AbstractCallSite.java:235)at org.codehaus.groovy.runtime.callsite.AbstractCallSite.callConstructor(AbstractCallSite.java:247)at io.restassured.internal.ResponseSpecificationImpl$HamcrestAssertionClosure.validate(ResponseSpecificationImpl.groovy:471)at io.restassured.internal.ResponseSpecificationImpl$HamcrestAssertionClosure$validate$1.call(Unknown Source)at io.restassured.internal.ResponseSpecificationImpl.validateResponseIfRequired(ResponseSpecificationImpl.groovy:643)at org.codehaus.groovy.runtime.callsite.PogoMetaMethodSite$PogoCachedMethodSiteNoUnwrapNoCoerce.invoke(PogoMetaMethodSite.java:210)at org.codehaus.groovy.runtime.callsite.PogoMetaMethodSite.callCurrent(PogoMetaMethodSite.java:59)at org.codehaus.groovy.runtime.callsite.CallSiteArray.defaultCallCurrent(CallSiteArray.java:52)at org.codehaus.groovy.runtime.callsite.AbstractCallSite.callCurrent(AbstractCallSite.java:154)at org.codehaus.groovy.runtime.callsite.AbstractCallSite.callCurrent(AbstractCallSite.java:166)at io.restassured.internal.ResponseSpecificationImpl.content(ResponseSpecificationImpl.groovy:265)at io.restassured.specification.ResponseSpecification$content$1.callCurrent(Unknown Source)at org.codehaus.groovy.runtime.callsite.CallSiteArray.defaultCallCurrent(CallSiteArray.java:52)at org.codehaus.groovy.runtime.callsite.AbstractCallSite.callCurrent(AbstractCallSite.java:154)at org.codehaus.groovy.runtime.callsite.AbstractCallSite.callCurrent(AbstractCallSite.java:190)at io.restassured.internal.ResponseSpecificationImpl.body(ResponseSpecificationImpl.groovy:248)at io.restassured.internal.ValidatableResponseOptionsImpl.body(ValidatableResponseOptionsImpl.java:268)at apitest.ReqResTestBase.verifyResourceDataById(ReqResTestBase.java:64)at apitest.ReqResTest.verifyResourceDataById(ReqResTest.java:43)... Removed 39 stack frames]]>
    </failure>
  </testcase> <!-- verifyResourceDataById -->
  <testcase name="verifyUnsuccessfulLogin" time="0.634" classname="apitest.ReqResTest"/>
  <testcase name="verifyUserAbsenceById" time="0.342" classname="apitest.ReqResTest"/>
  <testcase name="verifyUserCreation" time="0.654" classname="apitest.ReqResTest"/>
  <testcase name="verifyUserDeleteById" time="0.528" classname="apitest.ReqResTest"/>
  <testcase name="verifyUserNamesById" time="0.58" classname="apitest.ReqResTest"/>
  <testcase name="verifyUserPresenceById" time="0.338" classname="apitest.ReqResTest"/>
  <testcase name="verifyUserUpdate" time="0.564" classname="apitest.ReqResTest"/>
  <testcase name="verifyUsersAmountOnPage" time="0.363" classname="apitest.ReqResTest"/>
</testsuite> <!-- Surefire test -->
